<?xml version="1.0" encoding="UTF-8"?>
<coverage generated="1718830704576" clover="3.2.0">
  <project timestamp="1718830704576" name="All files">
    <metrics statements="15" coveredstatements="13" conditionals="0" coveredconditionals="0" methods="3" coveredmethods="2" elements="18" coveredelements="15" complexity="0" loc="15" ncloc="15" packages="2" files="2" classes="2"/>
    <package name="src">
      <metrics statements="9" coveredstatements="9" conditionals="0" coveredconditionals="0" methods="2" coveredmethods="2"/>
      <file name="app.ts" path="/Users/sarelbic/Documents/code/bootcamp/testing/fullstackexample/src/app.ts">
        <metrics statements="9" coveredstatements="9" conditionals="0" coveredconditionals="0" methods="2" coveredmethods="2"/>
        <line num="1" count="1" type="stmt"/>
        <line num="4" count="1" type="stmt"/>
        <line num="5" count="1" type="stmt"/>
        <line num="7" count="1" type="stmt"/>
        <line num="9" count="1" type="stmt"/>
        <line num="11" count="1" type="stmt"/>
        <line num="12" count="1" type="stmt"/>
        <line num="14" count="1" type="stmt"/>
        <line num="18" count="1" type="stmt"/>
      </file>
    </package>
    <package name="src.routes">
      <metrics statements="6" coveredstatements="4" conditionals="0" coveredconditionals="0" methods="1" coveredmethods="0"/>
      <file name="user.routes.ts" path="/Users/sarelbic/Documents/code/bootcamp/testing/fullstackexample/src/routes/user.routes.ts">
        <metrics statements="6" coveredstatements="4" conditionals="0" coveredconditionals="0" methods="1" coveredmethods="0"/>
        <line num="1" count="1" type="stmt"/>
        <line num="3" count="1" type="stmt"/>
        <line num="5" count="1" type="stmt"/>
        <line num="6" count="0" type="stmt"/>
        <line num="7" count="0" type="stmt"/>
        <line num="10" count="1" type="stmt"/>
      </file>
    </package>
  </project>
</coverage>
