TN:
SF:src/app.ts
FN:11,(anonymous_8)
FN:11,(anonymous_9)
FN:30,(anonymous_10)
FN:30,(anonymous_11)
FNF:4
FNH:4
FNDA:2,(anonymous_8)
FNDA:2,(anonymous_9)
FNDA:1,(anonymous_10)
FNDA:1,(anonymous_11)
DA:1,1
DA:4,1
DA:5,1
DA:7,1
DA:9,1
DA:11,2
DA:12,2
DA:13,2
DA:14,2
DA:15,2
DA:20,2
DA:22,0
DA:23,0
DA:30,1
DA:31,1
DA:33,1
DA:38,1
DA:42,1
LF:18
LH:16
BRDA:13,0,0,2
BRDA:13,0,1,0
BRF:2
BRH:1
end_of_record
TN:
SF:src/routes/user.routes.ts
FN:5,(anonymous_0)
FNF:1
FNH:0
FNDA:0,(anonymous_0)
DA:1,1
DA:3,1
DA:5,1
DA:6,0
DA:7,0
DA:10,1
LF:6
LH:4
BRF:0
BRH:0
end_of_record
