TN:
SF:src/app.ts
FN:12,(anonymous_8)
FN:12,(anonymous_9)
FNF:2
FNH:2
FNDA:1,(anonymous_8)
FNDA:1,(anonymous_9)
DA:1,1
DA:2,1
DA:4,1
DA:6,1
DA:8,1
DA:10,1
DA:12,1
DA:13,1
DA:18,1
DA:22,1
LF:10
LH:10
BRF:0
BRH:0
end_of_record
TN:
SF:src/routes/user.routes.ts
FN:5,(anonymous_0)
FNF:1
FNH:0
FNDA:0,(anonymous_0)
DA:1,1
DA:3,1
DA:5,1
DA:6,0
DA:7,0
DA:10,1
LF:6
LH:4
BRF:0
BRH:0
end_of_record
TN:
SF:src/tests/testclient.ts
FN:6,(anonymous_1)
FN:11,(anonymous_2)
FNF:2
FNH:2
FNDA:1,(anonymous_1)
FNDA:1,(anonymous_2)
DA:2,1
DA:4,1
DA:6,1
DA:11,1
DA:12,1
DA:15,1
LF:6
LH:6
BRF:0
BRH:0
end_of_record
